Traceback (most recent call last):
  File "/Users/valtze/miniforge3/envs/ecmwf-open-data-guide/lib/python3.10/site-packages/jupyter_cache/executors/utils.py", line 58, in single_nb_execution
    executenb(
  File "/Users/valtze/miniforge3/envs/ecmwf-open-data-guide/lib/python3.10/site-packages/nbclient/client.py", line 1323, in execute
    return NotebookClient(nb=nb, resources=resources, km=km, **kwargs).execute()
  File "/Users/valtze/miniforge3/envs/ecmwf-open-data-guide/lib/python3.10/site-packages/jupyter_core/utils/__init__.py", line 165, in wrapped
    return loop.run_until_complete(inner)
  File "/Users/valtze/miniforge3/envs/ecmwf-open-data-guide/lib/python3.10/asyncio/base_events.py", line 649, in run_until_complete
    return future.result()
  File "/Users/valtze/miniforge3/envs/ecmwf-open-data-guide/lib/python3.10/site-packages/nbclient/client.py", line 709, in async_execute
    await self.async_execute_cell(
  File "/Users/valtze/miniforge3/envs/ecmwf-open-data-guide/lib/python3.10/site-packages/nbclient/client.py", line 1062, in async_execute_cell
    await self._check_raise_for_error(cell, cell_index, exec_reply)
  File "/Users/valtze/miniforge3/envs/ecmwf-open-data-guide/lib/python3.10/site-packages/nbclient/client.py", line 918, in _check_raise_for_error
    raise CellExecutionError.from_cell_and_msg(cell, exec_reply_content)
nbclient.exceptions.CellExecutionError: An error occurred while executing the following cell:
------------------
# Explore: prefer the widget's picker; fall back to `target` saved by the Download button
from pathlib import Path
from earthkit.data import from_source

p = None

# 1) Try the widget
if 'picker' in globals():
    try:
        p = getattr(picker, 'last_path', None) or (
            picker.get_selected_local_path() if hasattr(picker, 'get_selected_local_path') else None
        )
    except Exception:
        p = None

# 2) Fall back to the explicit path set by the download step
if (p is None or not Path(p).exists()) and globals().get('target'):
    p = Path(globals()['target'])

# 3) Friendly error if nothing was downloaded
if not p or not Path(p).exists():
    raise FileNotFoundError("No file downloaded yet. Use the Download button first.")

ds = from_source("file", str(p))
ds.describe()

------------------


[0;31m---------------------------------------------------------------------------[0m
[0;31mFileNotFoundError[0m                         Traceback (most recent call last)
Cell [0;32mIn[7], line 22[0m
[1;32m     20[0m [38;5;66;03m# 3) Friendly error if nothing was downloaded[39;00m
[1;32m     21[0m [38;5;28;01mif[39;00m [38;5;129;01mnot[39;00m p [38;5;129;01mor[39;00m [38;5;129;01mnot[39;00m Path(p)[38;5;241m.[39mexists():
[0;32m---> 22[0m     [38;5;28;01mraise[39;00m [38;5;167;01mFileNotFoundError[39;00m([38;5;124m"[39m[38;5;124mNo file downloaded yet. Use the Download button first.[39m[38;5;124m"[39m)
[1;32m     24[0m ds [38;5;241m=[39m from_source([38;5;124m"[39m[38;5;124mfile[39m[38;5;124m"[39m, [38;5;28mstr[39m(p))
[1;32m     25[0m ds[38;5;241m.[39mdescribe()

[0;31mFileNotFoundError[0m: No file downloaded yet. Use the Download button first.

